<?xml version="1.0" encoding="UTF-8"?>
<testng-results ignored="0" total="1" passed="1" failed="0" skipped="0">
  <reporter-output>
  </reporter-output>
  <suite started-at="2022-07-13T13:46:33Z" name="Default suite" finished-at="2022-07-13T13:46:48Z" duration-ms="15252">
    <groups>
    </groups>
    <test started-at="2022-07-13T13:46:33Z" name="Default test" finished-at="2022-07-13T13:46:48Z" duration-ms="15252">
      <class name="crm_dms_sample.Swag1">
        <test-method signature="Login()[pri:0, instance:crm_dms_sample.Swag1@f107c50]" started-at="2022-07-13T13:46:33Z" name="Login" finished-at="2022-07-13T13:46:48Z" duration-ms="15206" status="PASS">
          <reporter-output>
          </reporter-output>
        </test-method> <!-- Login -->
      </class> <!-- crm_dms_sample.Swag1 -->
    </test> <!-- Default test -->
  </suite> <!-- Default suite -->
</testng-results>
